2018-05-19 11:11:18,019 INFO: Microblog startup [in /Users/Rumil/Documents/git-repos/Workshop2018/FlaskMegaTutorial/app/__init__.py:50
2018-05-21 19:18:58,205 INFO: Microblog startup [in /Users/Rumil/Documents/git-repos/Workshop2018/FlaskMegaTutorial/app/__init__.py:50
2018-05-21 19:19:07,537 INFO: Microblog startup [in /Users/Rumil/Documents/git-repos/Workshop2018/FlaskMegaTutorial/app/__init__.py:50
2018-05-23 20:54:51,860 INFO: Microblog startup [in /Users/Rumil/Documents/git-repos/Workshop2018/FlaskMegaTutorial/app/__init__.py:50
2018-05-23 20:55:38,510 INFO: Microblog startup [in /Users/Rumil/Documents/git-repos/Workshop2018/FlaskMegaTutorial/app/__init__.py:50
2018-05-23 20:57:46,040 INFO: Microblog startup [in /Users/Rumil/Documents/git-repos/Workshop2018/FlaskMegaTutorial/app/__init__.py:50
2018-05-23 20:59:40,284 INFO: Microblog startup [in /Users/Rumil/Documents/git-repos/Workshop2018/FlaskMegaTutorial/app/__init__.py:50
2018-05-23 21:00:21,149 INFO: Microblog startup [in /Users/Rumil/Documents/git-repos/Workshop2018/FlaskMegaTutorial/app/__init__.py:50
2018-05-23 21:03:00,845 INFO: Microblog startup [in /Users/Rumil/Documents/git-repos/Workshop2018/FlaskMegaTutorial/app/__init__.py:50
2018-05-23 21:04:45,911 INFO: Microblog startup [in /Users/Rumil/Documents/git-repos/Workshop2018/FlaskMegaTutorial/app/__init__.py:50
2018-05-23 21:05:07,375 INFO: Microblog startup [in /Users/Rumil/Documents/git-repos/Workshop2018/FlaskMegaTutorial/app/__init__.py:50
2018-05-23 21:05:41,817 INFO: Microblog startup [in /Users/Rumil/Documents/git-repos/Workshop2018/FlaskMegaTutorial/app/__init__.py:50
2018-05-23 21:09:58,710 INFO: Microblog startup [in /Users/Rumil/Documents/git-repos/Workshop2018/FlaskMegaTutorial/app/__init__.py:50
2018-05-26 19:50:02,754 INFO: Microblog startup [in /Users/Rumil/Documents/git-repos/Workshop2018/FlaskMegaTutorial/app/__init__.py:53
2018-05-26 19:54:38,229 INFO: Microblog startup [in /Users/Rumil/Documents/git-repos/Workshop2018/FlaskMegaTutorial/app/__init__.py:53
2018-06-01 21:05:46,045 INFO: Microblog startup [in /Users/Rumil/Documents/git-repos/Workshop2018/FlaskMegaTutorial/app/__init__.py:64
2018-06-01 21:06:13,105 INFO: Microblog startup [in /Users/Rumil/Documents/git-repos/Workshop2018/FlaskMegaTutorial/app/__init__.py:64
2018-06-01 21:06:47,605 INFO: Microblog startup [in /Users/Rumil/Documents/git-repos/Workshop2018/FlaskMegaTutorial/app/__init__.py:64
2018-06-01 21:09:00,431 INFO: Microblog startup [in /Users/Rumil/Documents/git-repos/Workshop2018/FlaskMegaTutorial/app/__init__.py:64
2018-06-01 21:09:05,514 INFO: Microblog startup [in /Users/Rumil/Documents/git-repos/Workshop2018/FlaskMegaTutorial/app/__init__.py:64
2018-06-09 09:45:15,550 INFO: Microblog startup [in /Users/Rumil/Documents/git-repos/Workshop2018/FlaskMegaTutorial/app/__init__.py:64
2018-06-09 09:52:08,077 INFO: Microblog startup [in /Users/Rumil/Documents/git-repos/Workshop2018/FlaskMegaTutorial/app/__init__.py:64
2018-06-09 09:53:03,169 INFO: Microblog startup [in /Users/Rumil/Documents/git-repos/Workshop2018/FlaskMegaTutorial/app/__init__.py:64
2018-06-09 09:54:03,781 INFO: Microblog startup [in /Users/Rumil/Documents/git-repos/Workshop2018/FlaskMegaTutorial/app/__init__.py:64
2018-06-09 09:55:35,486 INFO: Microblog startup [in /Users/Rumil/Documents/git-repos/Workshop2018/FlaskMegaTutorial/app/__init__.py:64
2018-06-09 09:56:16,383 INFO: Microblog startup [in /Users/Rumil/Documents/git-repos/Workshop2018/FlaskMegaTutorial/app/__init__.py:64
2018-06-09 09:56:29,736 INFO: Microblog startup [in /Users/Rumil/Documents/git-repos/Workshop2018/FlaskMegaTutorial/app/__init__.py:64
2018-06-09 09:56:43,593 INFO: Microblog startup [in /Users/Rumil/Documents/git-repos/Workshop2018/FlaskMegaTutorial/app/__init__.py:64
2018-06-09 09:58:24,134 INFO: Microblog startup [in /Users/Rumil/Documents/git-repos/Workshop2018/FlaskMegaTutorial/app/__init__.py:64
2018-06-09 09:58:55,940 INFO: Microblog startup [in /Users/Rumil/Documents/git-repos/Workshop2018/FlaskMegaTutorial/app/__init__.py:64
2018-06-09 10:02:32,970 INFO: Microblog startup [in /Users/Rumil/Documents/git-repos/Workshop2018/FlaskMegaTutorial/app/__init__.py:64
2018-06-09 10:02:47,594 INFO: Microblog startup [in /Users/Rumil/Documents/git-repos/Workshop2018/FlaskMegaTutorial/app/__init__.py:64
2018-06-09 10:05:30,510 INFO: Microblog startup [in /Users/Rumil/Documents/git-repos/Workshop2018/FlaskMegaTutorial/app/__init__.py:64
2018-06-09 10:08:02,057 INFO: Microblog startup [in /Users/Rumil/Documents/git-repos/Workshop2018/FlaskMegaTutorial/app/__init__.py:64
2018-06-09 10:38:30,223 INFO: Microblog startup [in /Users/Rumil/Documents/git-repos/Workshop2018/FlaskMegaTutorial/app/__init__.py:64
2018-06-09 10:53:27,051 INFO: Microblog startup [in /Users/Rumil/Documents/git-repos/Workshop2018/FlaskMegaTutorial/app/__init__.py:64
2018-06-09 10:53:36,576 INFO: Microblog startup [in /Users/Rumil/Documents/git-repos/Workshop2018/FlaskMegaTutorial/app/__init__.py:64
2018-06-09 11:30:49,008 INFO: Microblog startup [in /Users/Rumil/Documents/git-repos/Workshop2018/FlaskMegaTutorial/app/__init__.py:64
2018-06-09 11:34:52,903 INFO: Microblog startup [in /Users/Rumil/Documents/git-repos/Workshop2018/FlaskMegaTutorial/app/__init__.py:64
2018-06-09 11:36:26,551 INFO: Microblog startup [in /Users/Rumil/Documents/git-repos/Workshop2018/FlaskMegaTutorial/app/__init__.py:64
2018-06-09 11:38:01,214 INFO: Microblog startup [in /Users/Rumil/Documents/git-repos/Workshop2018/FlaskMegaTutorial/app/__init__.py:64
2018-06-09 11:39:40,709 INFO: Microblog startup [in /Users/Rumil/Documents/git-repos/Workshop2018/FlaskMegaTutorial/app/__init__.py:64
2018-06-09 11:40:17,894 INFO: Microblog startup [in /Users/Rumil/Documents/git-repos/Workshop2018/FlaskMegaTutorial/app/__init__.py:64
2018-06-25 17:48:03,766 INFO: Microblog startup [in /Users/Rumil/Documents/git-repos/Workshop2018/FlaskMegaTutorial/app/__init__.py:98
2018-06-25 17:51:23,969 INFO: Microblog startup [in /Users/Rumil/Documents/git-repos/Workshop2018/FlaskMegaTutorial/app/__init__.py:98
2018-06-25 17:51:49,467 INFO: Microblog startup [in /Users/Rumil/Documents/git-repos/Workshop2018/FlaskMegaTutorial/app/__init__.py:98
2018-06-25 18:54:08,283 INFO: Microblog startup [in /Users/Rumil/Documents/git-repos/Workshop2018/FlaskMegaTutorial/app/__init__.py:98
2018-06-25 18:54:21,888 ERROR: Exception on / [GET] [in /Users/Rumil/Documents/git-repos/Workshop2018/FlaskMegaTutorial/venv/lib/python3.7/site-packages/flask/app.py:1761
Traceback (most recent call last):
  File "/Users/Rumil/Documents/git-repos/Workshop2018/FlaskMegaTutorial/venv/lib/python3.7/site-packages/flask/app.py", line 2292, in wsgi_app
    response = self.full_dispatch_request()
  File "/Users/Rumil/Documents/git-repos/Workshop2018/FlaskMegaTutorial/venv/lib/python3.7/site-packages/flask/app.py", line 1815, in full_dispatch_request
    rv = self.handle_user_exception(e)
  File "/Users/Rumil/Documents/git-repos/Workshop2018/FlaskMegaTutorial/venv/lib/python3.7/site-packages/flask/app.py", line 1718, in handle_user_exception
    reraise(exc_type, exc_value, tb)
  File "/Users/Rumil/Documents/git-repos/Workshop2018/FlaskMegaTutorial/venv/lib/python3.7/site-packages/flask/_compat.py", line 35, in reraise
    raise value
  File "/Users/Rumil/Documents/git-repos/Workshop2018/FlaskMegaTutorial/venv/lib/python3.7/site-packages/flask/app.py", line 1811, in full_dispatch_request
    rv = self.preprocess_request()
  File "/Users/Rumil/Documents/git-repos/Workshop2018/FlaskMegaTutorial/venv/lib/python3.7/site-packages/flask/app.py", line 2087, in preprocess_request
    rv = func()
  File "/Users/Rumil/Documents/git-repos/Workshop2018/FlaskMegaTutorial/app/main/routes.py", line 35, in before_request
    g.search_form = SearchForm()
  File "/Users/Rumil/Documents/git-repos/Workshop2018/FlaskMegaTutorial/venv/lib/python3.7/site-packages/wtforms/form.py", line 212, in __call__
    return type.__call__(cls, *args, **kwargs)
  File "/Users/Rumil/Documents/git-repos/Workshop2018/FlaskMegaTutorial/app/main/forms.py", line 47, in __init__
    super(SearchForm, self).__ini__(*args, **kwargs)
AttributeError: 'super' object has no attribute '__ini__'
2018-06-25 18:55:27,492 INFO: Microblog startup [in /Users/Rumil/Documents/git-repos/Workshop2018/FlaskMegaTutorial/app/__init__.py:98
2018-07-15 12:57:11,569 INFO: Microblog startup [in /Users/Rumil/Documents/git-repos/Workshop2018/FlaskMegaTutorial/app/__init__.py:98
2018-07-15 12:57:18,979 INFO: Microblog startup [in /Users/Rumil/Documents/git-repos/Workshop2018/FlaskMegaTutorial/app/__init__.py:98
